CRITICAL - 2023-09-22 05:43:22 --> Undefined array key "id"
in APPPATH\Controllers\MainController.php on line 19.
 1 APPPATH\Controllers\MainController.php(19): CodeIgniter\Debug\Exceptions->errorHandler(2, 'Undefined array key "id"', 'C:\\laragon\\www\\LabAct1\\app\\Controllers\\MainController.php', 19)
 2 SYSTEMPATH\CodeIgniter.php(919): App\Controllers\MainController->save()
 3 SYSTEMPATH\CodeIgniter.php(494): CodeIgniter\CodeIgniter->runController(Object(App\Controllers\MainController))
 4 SYSTEMPATH\CodeIgniter.php(353): CodeIgniter\CodeIgniter->handleRequest(null, Object(Config\Cache), false)
 5 FCPATH\index.php(79): CodeIgniter\CodeIgniter->run()
 6 SYSTEMPATH\Commands\Server\rewrite.php(47): require_once('C:\\laragon\\www\\LabAct1\\public\\index.php')
CRITICAL - 2023-09-22 05:44:48 --> Undefined array key "id"
in APPPATH\Controllers\MainController.php on line 19.
 1 APPPATH\Controllers\MainController.php(19): CodeIgniter\Debug\Exceptions->errorHandler(2, 'Undefined array key "id"', 'C:\\laragon\\www\\LabAct1\\app\\Controllers\\MainController.php', 19)
 2 SYSTEMPATH\CodeIgniter.php(919): App\Controllers\MainController->save()
 3 SYSTEMPATH\CodeIgniter.php(494): CodeIgniter\CodeIgniter->runController(Object(App\Controllers\MainController))
 4 SYSTEMPATH\CodeIgniter.php(353): CodeIgniter\CodeIgniter->handleRequest(null, Object(Config\Cache), false)
 5 FCPATH\index.php(79): CodeIgniter\CodeIgniter->run()
 6 SYSTEMPATH\Commands\Server\rewrite.php(47): require_once('C:\\laragon\\www\\LabAct1\\public\\index.php')
CRITICAL - 2023-09-22 05:50:40 --> Undefined array key "id"
in APPPATH\Controllers\MainController.php on line 19.
 1 APPPATH\Controllers\MainController.php(19): CodeIgniter\Debug\Exceptions->errorHandler(2, 'Undefined array key "id"', 'C:\\laragon\\www\\LabAct1\\app\\Controllers\\MainController.php', 19)
 2 SYSTEMPATH\CodeIgniter.php(919): App\Controllers\MainController->save()
 3 SYSTEMPATH\CodeIgniter.php(494): CodeIgniter\CodeIgniter->runController(Object(App\Controllers\MainController))
 4 SYSTEMPATH\CodeIgniter.php(353): CodeIgniter\CodeIgniter->handleRequest(null, Object(Config\Cache), false)
 5 FCPATH\index.php(79): CodeIgniter\CodeIgniter->run()
 6 SYSTEMPATH\Commands\Server\rewrite.php(47): require_once('C:\\laragon\\www\\LabAct1\\public\\index.php')
CRITICAL - 2023-09-22 05:50:44 --> Undefined array key "id"
in APPPATH\Controllers\MainController.php on line 19.
 1 APPPATH\Controllers\MainController.php(19): CodeIgniter\Debug\Exceptions->errorHandler(2, 'Undefined array key "id"', 'C:\\laragon\\www\\LabAct1\\app\\Controllers\\MainController.php', 19)
 2 SYSTEMPATH\CodeIgniter.php(919): App\Controllers\MainController->save()
 3 SYSTEMPATH\CodeIgniter.php(494): CodeIgniter\CodeIgniter->runController(Object(App\Controllers\MainController))
 4 SYSTEMPATH\CodeIgniter.php(353): CodeIgniter\CodeIgniter->handleRequest(null, Object(Config\Cache), false)
 5 FCPATH\index.php(79): CodeIgniter\CodeIgniter->run()
 6 SYSTEMPATH\Commands\Server\rewrite.php(47): require_once('C:\\laragon\\www\\LabAct1\\public\\index.php')
CRITICAL - 2023-09-22 05:52:53 --> Undefined array key "id"
in APPPATH\Controllers\MainController.php on line 19.
 1 APPPATH\Controllers\MainController.php(19): CodeIgniter\Debug\Exceptions->errorHandler(2, 'Undefined array key "id"', 'C:\\laragon\\www\\LabAct1\\app\\Controllers\\MainController.php', 19)
 2 SYSTEMPATH\CodeIgniter.php(919): App\Controllers\MainController->save()
 3 SYSTEMPATH\CodeIgniter.php(494): CodeIgniter\CodeIgniter->runController(Object(App\Controllers\MainController))
 4 SYSTEMPATH\CodeIgniter.php(353): CodeIgniter\CodeIgniter->handleRequest(null, Object(Config\Cache), false)
 5 FCPATH\index.php(79): CodeIgniter\CodeIgniter->run()
 6 SYSTEMPATH\Commands\Server\rewrite.php(47): require_once('C:\\laragon\\www\\LabAct1\\public\\index.php')
CRITICAL - 2023-09-22 06:03:27 --> Undefined array key "id"
in APPPATH\Controllers\MainController.php on line 68.
 1 APPPATH\Controllers\MainController.php(68): CodeIgniter\Debug\Exceptions->errorHandler(2, 'Undefined array key "id"', 'C:\\laragon\\www\\LabAct1\\app\\Controllers\\MainController.php', 68)
 2 SYSTEMPATH\CodeIgniter.php(919): App\Controllers\MainController->addcat()
 3 SYSTEMPATH\CodeIgniter.php(494): CodeIgniter\CodeIgniter->runController(Object(App\Controllers\MainController))
 4 SYSTEMPATH\CodeIgniter.php(353): CodeIgniter\CodeIgniter->handleRequest(null, Object(Config\Cache), false)
 5 FCPATH\index.php(79): CodeIgniter\CodeIgniter->run()
 6 SYSTEMPATH\Commands\Server\rewrite.php(47): require_once('C:\\laragon\\www\\LabAct1\\public\\index.php')
CRITICAL - 2023-09-22 06:04:52 --> Undefined array key "id"
in APPPATH\Controllers\MainController.php on line 68.
 1 APPPATH\Controllers\MainController.php(68): CodeIgniter\Debug\Exceptions->errorHandler(2, 'Undefined array key "id"', 'C:\\laragon\\www\\LabAct1\\app\\Controllers\\MainController.php', 68)
 2 SYSTEMPATH\CodeIgniter.php(919): App\Controllers\MainController->addcat()
 3 SYSTEMPATH\CodeIgniter.php(494): CodeIgniter\CodeIgniter->runController(Object(App\Controllers\MainController))
 4 SYSTEMPATH\CodeIgniter.php(353): CodeIgniter\CodeIgniter->handleRequest(null, Object(Config\Cache), false)
 5 FCPATH\index.php(79): CodeIgniter\CodeIgniter->run()
 6 SYSTEMPATH\Commands\Server\rewrite.php(47): require_once('C:\\laragon\\www\\LabAct1\\public\\index.php')
CRITICAL - 2023-09-22 06:05:12 --> Undefined array key "id"
in APPPATH\Controllers\MainController.php on line 68.
 1 APPPATH\Controllers\MainController.php(68): CodeIgniter\Debug\Exceptions->errorHandler(2, 'Undefined array key "id"', 'C:\\laragon\\www\\LabAct1\\app\\Controllers\\MainController.php', 68)
 2 SYSTEMPATH\CodeIgniter.php(919): App\Controllers\MainController->addcat()
 3 SYSTEMPATH\CodeIgniter.php(494): CodeIgniter\CodeIgniter->runController(Object(App\Controllers\MainController))
 4 SYSTEMPATH\CodeIgniter.php(353): CodeIgniter\CodeIgniter->handleRequest(null, Object(Config\Cache), false)
 5 FCPATH\index.php(79): CodeIgniter\CodeIgniter->run()
 6 SYSTEMPATH\Commands\Server\rewrite.php(47): require_once('C:\\laragon\\www\\LabAct1\\public\\index.php')
CRITICAL - 2023-09-22 06:05:22 --> Undefined array key "id"
in APPPATH\Controllers\MainController.php on line 68.
 1 APPPATH\Controllers\MainController.php(68): CodeIgniter\Debug\Exceptions->errorHandler(2, 'Undefined array key "id"', 'C:\\laragon\\www\\LabAct1\\app\\Controllers\\MainController.php', 68)
 2 SYSTEMPATH\CodeIgniter.php(919): App\Controllers\MainController->addcat()
 3 SYSTEMPATH\CodeIgniter.php(494): CodeIgniter\CodeIgniter->runController(Object(App\Controllers\MainController))
 4 SYSTEMPATH\CodeIgniter.php(353): CodeIgniter\CodeIgniter->handleRequest(null, Object(Config\Cache), false)
 5 FCPATH\index.php(79): CodeIgniter\CodeIgniter->run()
 6 SYSTEMPATH\Commands\Server\rewrite.php(47): require_once('C:\\laragon\\www\\LabAct1\\public\\index.php')
CRITICAL - 2023-09-22 06:06:46 --> Undefined array key "id"
in APPPATH\Controllers\MainController.php on line 69.
 1 APPPATH\Controllers\MainController.php(69): CodeIgniter\Debug\Exceptions->errorHandler(2, 'Undefined array key "id"', 'C:\\laragon\\www\\LabAct1\\app\\Controllers\\MainController.php', 69)
 2 SYSTEMPATH\CodeIgniter.php(919): App\Controllers\MainController->addcat()
 3 SYSTEMPATH\CodeIgniter.php(494): CodeIgniter\CodeIgniter->runController(Object(App\Controllers\MainController))
 4 SYSTEMPATH\CodeIgniter.php(353): CodeIgniter\CodeIgniter->handleRequest(null, Object(Config\Cache), false)
 5 FCPATH\index.php(79): CodeIgniter\CodeIgniter->run()
 6 SYSTEMPATH\Commands\Server\rewrite.php(47): require_once('C:\\laragon\\www\\LabAct1\\public\\index.php')
CRITICAL - 2023-09-22 06:10:28 --> Undefined array key "id"
in APPPATH\Controllers\MainController.php on line 69.
 1 APPPATH\Controllers\MainController.php(69): CodeIgniter\Debug\Exceptions->errorHandler(2, 'Undefined array key "id"', 'C:\\laragon\\www\\LabAct1\\app\\Controllers\\MainController.php', 69)
 2 SYSTEMPATH\CodeIgniter.php(919): App\Controllers\MainController->addcat()
 3 SYSTEMPATH\CodeIgniter.php(494): CodeIgniter\CodeIgniter->runController(Object(App\Controllers\MainController))
 4 SYSTEMPATH\CodeIgniter.php(353): CodeIgniter\CodeIgniter->handleRequest(null, Object(Config\Cache), false)
 5 FCPATH\index.php(79): CodeIgniter\CodeIgniter->run()
 6 SYSTEMPATH\Commands\Server\rewrite.php(47): require_once('C:\\laragon\\www\\LabAct1\\public\\index.php')
CRITICAL - 2023-09-22 06:15:40 --> Undefined array key "id"
in APPPATH\Controllers\MainController.php on line 68.
 1 APPPATH\Controllers\MainController.php(68): CodeIgniter\Debug\Exceptions->errorHandler(2, 'Undefined array key "id"', 'C:\\laragon\\www\\LabAct1\\app\\Controllers\\MainController.php', 68)
 2 SYSTEMPATH\CodeIgniter.php(919): App\Controllers\MainController->addcat()
 3 SYSTEMPATH\CodeIgniter.php(494): CodeIgniter\CodeIgniter->runController(Object(App\Controllers\MainController))
 4 SYSTEMPATH\CodeIgniter.php(353): CodeIgniter\CodeIgniter->handleRequest(null, Object(Config\Cache), false)
 5 FCPATH\index.php(79): CodeIgniter\CodeIgniter->run()
 6 SYSTEMPATH\Commands\Server\rewrite.php(47): require_once('C:\\laragon\\www\\LabAct1\\public\\index.php')
CRITICAL - 2023-09-22 06:44:32 --> Undefined variable $categories
in APPPATH\Views\main.php on line 20.
 1 APPPATH\Views\main.php(20): CodeIgniter\Debug\Exceptions->errorHandler(2, 'Undefined variable $categories', 'C:\\laragon\\www\\LabAct1\\app\\Views\\main.php', 20)
 2 SYSTEMPATH\View\View.php(226): include('C:\\laragon\\www\\LabAct1\\app\\Views\\main.php')
 3 SYSTEMPATH\View\View.php(229): CodeIgniter\View\View->CodeIgniter\View\{closure}()
 4 SYSTEMPATH\Common.php(1188): CodeIgniter\View\View->render('main', [], true)
 5 APPPATH\Controllers\MainController.php(57): view('main', [...])
 6 SYSTEMPATH\CodeIgniter.php(919): App\Controllers\MainController->edit('3')
 7 SYSTEMPATH\CodeIgniter.php(494): CodeIgniter\CodeIgniter->runController(Object(App\Controllers\MainController))
 8 SYSTEMPATH\CodeIgniter.php(353): CodeIgniter\CodeIgniter->handleRequest(null, Object(Config\Cache), false)
 9 FCPATH\index.php(79): CodeIgniter\CodeIgniter->run()
10 SYSTEMPATH\Commands\Server\rewrite.php(47): require_once('C:\\laragon\\www\\LabAct1\\public\\index.php')
CRITICAL - 2023-09-22 06:45:23 --> Undefined variable $categories
in APPPATH\Views\main.php on line 20.
 1 APPPATH\Views\main.php(20): CodeIgniter\Debug\Exceptions->errorHandler(2, 'Undefined variable $categories', 'C:\\laragon\\www\\LabAct1\\app\\Views\\main.php', 20)
 2 SYSTEMPATH\View\View.php(226): include('C:\\laragon\\www\\LabAct1\\app\\Views\\main.php')
 3 SYSTEMPATH\View\View.php(229): CodeIgniter\View\View->CodeIgniter\View\{closure}()
 4 SYSTEMPATH\Common.php(1188): CodeIgniter\View\View->render('main', [], true)
 5 APPPATH\Controllers\MainController.php(57): view('main', [...])
 6 SYSTEMPATH\CodeIgniter.php(919): App\Controllers\MainController->edit('3')
 7 SYSTEMPATH\CodeIgniter.php(494): CodeIgniter\CodeIgniter->runController(Object(App\Controllers\MainController))
 8 SYSTEMPATH\CodeIgniter.php(353): CodeIgniter\CodeIgniter->handleRequest(null, Object(Config\Cache), false)
 9 FCPATH\index.php(79): CodeIgniter\CodeIgniter->run()
10 SYSTEMPATH\Commands\Server\rewrite.php(47): require_once('C:\\laragon\\www\\LabAct1\\public\\index.php')
CRITICAL - 2023-09-22 06:50:53 --> Undefined variable $categories
in APPPATH\Views\main.php on line 20.
 1 APPPATH\Views\main.php(20): CodeIgniter\Debug\Exceptions->errorHandler(2, 'Undefined variable $categories', 'C:\\laragon\\www\\LabAct1\\app\\Views\\main.php', 20)
 2 SYSTEMPATH\View\View.php(226): include('C:\\laragon\\www\\LabAct1\\app\\Views\\main.php')
 3 SYSTEMPATH\View\View.php(229): CodeIgniter\View\View->CodeIgniter\View\{closure}()
 4 SYSTEMPATH\Common.php(1188): CodeIgniter\View\View->render('main', [], true)
 5 APPPATH\Controllers\MainController.php(57): view('main', [...])
 6 SYSTEMPATH\CodeIgniter.php(919): App\Controllers\MainController->edit('11')
 7 SYSTEMPATH\CodeIgniter.php(494): CodeIgniter\CodeIgniter->runController(Object(App\Controllers\MainController))
 8 SYSTEMPATH\CodeIgniter.php(353): CodeIgniter\CodeIgniter->handleRequest(null, Object(Config\Cache), false)
 9 FCPATH\index.php(79): CodeIgniter\CodeIgniter->run()
10 SYSTEMPATH\Commands\Server\rewrite.php(47): require_once('C:\\laragon\\www\\LabAct1\\public\\index.php')
CRITICAL - 2023-09-22 06:51:07 --> Undefined variable $categories
in APPPATH\Views\main.php on line 20.
 1 APPPATH\Views\main.php(20): CodeIgniter\Debug\Exceptions->errorHandler(2, 'Undefined variable $categories', 'C:\\laragon\\www\\LabAct1\\app\\Views\\main.php', 20)
 2 SYSTEMPATH\View\View.php(226): include('C:\\laragon\\www\\LabAct1\\app\\Views\\main.php')
 3 SYSTEMPATH\View\View.php(229): CodeIgniter\View\View->CodeIgniter\View\{closure}()
 4 SYSTEMPATH\Common.php(1188): CodeIgniter\View\View->render('main', [], true)
 5 APPPATH\Controllers\MainController.php(57): view('main', [...])
 6 SYSTEMPATH\CodeIgniter.php(919): App\Controllers\MainController->edit('11')
 7 SYSTEMPATH\CodeIgniter.php(494): CodeIgniter\CodeIgniter->runController(Object(App\Controllers\MainController))
 8 SYSTEMPATH\CodeIgniter.php(353): CodeIgniter\CodeIgniter->handleRequest(null, Object(Config\Cache), false)
 9 FCPATH\index.php(79): CodeIgniter\CodeIgniter->run()
10 SYSTEMPATH\Commands\Server\rewrite.php(47): require_once('C:\\laragon\\www\\LabAct1\\public\\index.php')
